<?xml version="1.0" encoding="UTF-8"?>
<testng-results skipped="0" failed="1" total="1" passed="0">
  <reporter-output>
  </reporter-output>
  <suite name="Regression" duration-ms="38224" started-at="2017-04-06T22:42:36Z" finished-at="2017-04-06T22:43:15Z">
    <groups>
    </groups>
    <test name="GuestUser" duration-ms="38224" started-at="2017-04-06T22:42:36Z" finished-at="2017-04-06T22:43:15Z">
      <class name="llbean.tests.HappyPath1">
        <test-method status="PASS" signature="setup()[pri:0, instance:llbean.tests.HappyPath1@5eb97ced]" name="setup" is-config="true" duration-ms="13606" started-at="2017-04-06T18:42:23Z" finished-at="2017-04-06T18:42:36Z">
          <reporter-output>
          </reporter-output>
        </test-method> <!-- setup -->
        <test-method status="FAIL" signature="guestUserCheckout()[pri:0, instance:llbean.tests.HappyPath1@5eb97ced]" name="guestUserCheckout" duration-ms="32060" started-at="2017-04-06T18:42:36Z" finished-at="2017-04-06T18:43:08Z">
          <exception class="java.lang.AssertionError">
            <message>
              <![CDATA[HomePage Title is Not Displayed expected [true] but found [false]]]>
            </message>
            <full-stacktrace>
              <![CDATA[java.lang.AssertionError: HomePage Title is Not Displayed expected [true] but found [false]
	at org.testng.Assert.fail(Assert.java:94)
	at org.testng.Assert.failNotEquals(Assert.java:494)
	at org.testng.Assert.assertTrue(Assert.java:42)
	at llbean.tests.HappyPath1.guestUserCheckout(HappyPath1.java:25)
	at sun.reflect.NativeMethodAccessorImpl.invoke0(Native Method)
	at sun.reflect.NativeMethodAccessorImpl.invoke(NativeMethodAccessorImpl.java:62)
	at sun.reflect.DelegatingMethodAccessorImpl.invoke(DelegatingMethodAccessorImpl.java:43)
	at java.lang.reflect.Method.invoke(Method.java:498)
	at org.testng.internal.MethodInvocationHelper.invokeMethod(MethodInvocationHelper.java:80)
	at org.testng.internal.Invoker.invokeMethod(Invoker.java:714)
	at org.testng.internal.Invoker.invokeTestMethod(Invoker.java:901)
	at org.testng.internal.Invoker.invokeTestMethods(Invoker.java:1231)
	at org.testng.internal.TestMethodWorker.invokeTestMethods(TestMethodWorker.java:127)
	at org.testng.internal.TestMethodWorker.run(TestMethodWorker.java:111)
	at org.testng.TestRunner.privateRun(TestRunner.java:767)
	at org.testng.TestRunner.run(TestRunner.java:617)
	at org.testng.SuiteRunner.runTest(SuiteRunner.java:334)
	at org.testng.SuiteRunner.runSequentially(SuiteRunner.java:329)
	at org.testng.SuiteRunner.privateRun(SuiteRunner.java:291)
	at org.testng.SuiteRunner.run(SuiteRunner.java:240)
	at org.testng.SuiteRunnerWorker.runSuite(SuiteRunnerWorker.java:52)
	at org.testng.SuiteRunnerWorker.run(SuiteRunnerWorker.java:86)
	at org.testng.TestNG.runSuitesSequentially(TestNG.java:1198)
	at org.testng.TestNG.runSuitesLocally(TestNG.java:1123)
	at org.testng.TestNG.run(TestNG.java:1031)
	at org.apache.maven.surefire.testng.TestNGExecutor.run(TestNGExecutor.java:295)
	at org.apache.maven.surefire.testng.TestNGXmlTestSuite.execute(TestNGXmlTestSuite.java:84)
	at org.apache.maven.surefire.testng.TestNGProvider.invoke(TestNGProvider.java:90)
	at org.apache.maven.surefire.booter.ForkedBooter.invokeProviderInSameClassLoader(ForkedBooter.java:203)
	at org.apache.maven.surefire.booter.ForkedBooter.runSuitesInProcess(ForkedBooter.java:155)
	at org.apache.maven.surefire.booter.ForkedBooter.main(ForkedBooter.java:103)
]]>
            </full-stacktrace>
          </exception> <!-- java.lang.AssertionError -->
          <reporter-output>
          </reporter-output>
        </test-method> <!-- guestUserCheckout -->
        <test-method status="PASS" signature="takeScreenShotOnFailure(org.testng.ITestResult)[pri:0, instance:llbean.tests.HappyPath1@5eb97ced]" name="takeScreenShotOnFailure" is-config="true" duration-ms="6101" started-at="2017-04-06T18:43:09Z" finished-at="2017-04-06T18:43:15Z">
          <params>
            <param index="0">
              <value>
                <![CDATA[[TestResult name=guestUserCheckout status=FAILURE method=HappyPath1.guestUserCheckout()[pri:0, instance:llbean.tests.HappyPath1@5eb97ced] output={null}]]]>
              </value>
            </param>
          </params>
          <reporter-output>
          </reporter-output>
        </test-method> <!-- takeScreenShotOnFailure -->
        <test-method status="PASS" signature="teardown()[pri:0, instance:llbean.tests.HappyPath1@5eb97ced]" name="teardown" is-config="true" duration-ms="2762" started-at="2017-04-06T18:43:16Z" finished-at="2017-04-06T18:43:18Z">
          <reporter-output>
          </reporter-output>
        </test-method> <!-- teardown -->
      </class> <!-- llbean.tests.HappyPath1 -->
    </test> <!-- GuestUser -->
  </suite> <!-- Regression -->
</testng-results>
